[0.023s] Invoking command in '/home/ronnakon/FRA333-KINEMATICS/FRA333-Assignment-lab2-template/lab2_ws/build/robot_23_kinematics_interfaces': CMAKE_PREFIX_PATH=${CMAKE_PREFIX_PATH}:/opt/ros/foxy /usr/bin/cmake --build /home/ronnakon/FRA333-KINEMATICS/FRA333-Assignment-lab2-template/lab2_ws/build/robot_23_kinematics_interfaces -- -j12 -l12
[0.064s] [  2%] Built target robot_23_kinematics_interfaces__cpp
[0.067s] [  5%] [32mBuilding C object CMakeFiles/robot_23_kinematics_interfaces__rosidl_generator_c.dir/rosidl_generator_c/robot_23_kinematics_interfaces/srv/detail/solve_ik__functions.c.o[0m
[0.079s] In file included from [01m[K/home/ronnakon/FRA333-KINEMATICS/FRA333-Assignment-lab2-template/lab2_ws/build/robot_23_kinematics_interfaces/rosidl_generator_c/robot_23_kinematics_interfaces/srv/detail/solve_ik__functions.h:19[m[K,
[0.080s]                  from [01m[K/home/ronnakon/FRA333-KINEMATICS/FRA333-Assignment-lab2-template/lab2_ws/build/robot_23_kinematics_interfaces/rosidl_generator_c/robot_23_kinematics_interfaces/srv/detail/solve_ik__functions.c:4[m[K:
[0.080s] [01m[K/home/ronnakon/FRA333-KINEMATICS/FRA333-Assignment-lab2-template/lab2_ws/build/robot_23_kinematics_interfaces/rosidl_generator_c/robot_23_kinematics_interfaces/srv/detail/solve_ik__struct.h:48:10:[m[K [01;31m[Kfatal error: [m[Kstg_msgs/msg/detail/bool__struct.h: No such file or directory
[0.080s]    48 | #include [01;31m[K"stg_msgs/msg/detail/bool__struct.h"[m[K
[0.080s]       |          [01;31m[K^~~~~~~~~~~~~~~~~~~~~~~~~~~~~~~~~~~~[m[K
[0.080s] compilation terminated.
[0.080s] make[2]: *** [CMakeFiles/robot_23_kinematics_interfaces__rosidl_generator_c.dir/build.make:210: CMakeFiles/robot_23_kinematics_interfaces__rosidl_generator_c.dir/rosidl_generator_c/robot_23_kinematics_interfaces/srv/detail/solve_ik__functions.c.o] Error 1
[0.080s] make[1]: *** [CMakeFiles/Makefile2:327: CMakeFiles/robot_23_kinematics_interfaces__rosidl_generator_c.dir/all] Error 2
[0.080s] make[1]: *** Waiting for unfinished jobs....
[0.083s] [ 10%] [32mBuilding CXX object CMakeFiles/robot_23_kinematics_interfaces__rosidl_typesupport_introspection_cpp.dir/rosidl_typesupport_introspection_cpp/robot_23_kinematics_interfaces/srv/detail/solve_ik__type_support.cpp.o[0m
[0.083s] [ 10%] [32mBuilding CXX object CMakeFiles/robot_23_kinematics_interfaces__rosidl_typesupport_fastrtps_cpp.dir/rosidl_typesupport_fastrtps_cpp/robot_23_kinematics_interfaces/srv/detail/dds_fastrtps/solve_ik__type_support.cpp.o[0m
[0.084s] [ 12%] [32mBuilding CXX object CMakeFiles/robot_23_kinematics_interfaces__rosidl_typesupport_cpp.dir/rosidl_typesupport_cpp/robot_23_kinematics_interfaces/srv/solve_ik__type_support.cpp.o[0m
[0.118s] In file included from [01m[K/home/ronnakon/FRA333-KINEMATICS/FRA333-Assignment-lab2-template/lab2_ws/build/robot_23_kinematics_interfaces/rosidl_typesupport_introspection_cpp/robot_23_kinematics_interfaces/srv/detail/solve_ik__type_support.cpp:12[m[K:
[0.119s] [01m[K/home/ronnakon/FRA333-KINEMATICS/FRA333-Assignment-lab2-template/lab2_ws/build/robot_23_kinematics_interfaces/rosidl_generator_cpp/robot_23_kinematics_interfaces/srv/detail/solve_ik__struct.hpp:153:10:[m[K [01;31m[Kfatal error: [m[Kstg_msgs/msg/detail/bool__struct.hpp: No such file or directory
[0.119s]   153 | #include [01;31m[K"stg_msgs/msg/detail/bool__struct.hpp"[m[K
[0.119s]       |          [01;31m[K^~~~~~~~~~~~~~~~~~~~~~~~~~~~~~~~~~~~~~[m[K
[0.119s] compilation terminated.
[0.119s] make[2]: *** [CMakeFiles/robot_23_kinematics_interfaces__rosidl_typesupport_introspection_cpp.dir/build.make:187: CMakeFiles/robot_23_kinematics_interfaces__rosidl_typesupport_introspection_cpp.dir/rosidl_typesupport_introspection_cpp/robot_23_kinematics_interfaces/srv/detail/solve_ik__type_support.cpp.o] Error 1
[0.119s] make[1]: *** [CMakeFiles/Makefile2:354: CMakeFiles/robot_23_kinematics_interfaces__rosidl_typesupport_introspection_cpp.dir/all] Error 2
[0.121s] In file included from [01m[K/home/ronnakon/FRA333-KINEMATICS/FRA333-Assignment-lab2-template/lab2_ws/build/robot_23_kinematics_interfaces/rosidl_typesupport_fastrtps_cpp/robot_23_kinematics_interfaces/srv/detail/solve_ik__rosidl_typesupport_fastrtps_cpp.hpp:11[m[K,
[0.121s]                  from [01m[K/home/ronnakon/FRA333-KINEMATICS/FRA333-Assignment-lab2-template/lab2_ws/build/robot_23_kinematics_interfaces/rosidl_typesupport_fastrtps_cpp/robot_23_kinematics_interfaces/srv/detail/dds_fastrtps/solve_ik__type_support.cpp:4[m[K:
[0.122s] [01m[K/home/ronnakon/FRA333-KINEMATICS/FRA333-Assignment-lab2-template/lab2_ws/build/robot_23_kinematics_interfaces/rosidl_generator_cpp/robot_23_kinematics_interfaces/srv/detail/solve_ik__struct.hpp:153:10:[m[K [01;31m[Kfatal error: [m[Kstg_msgs/msg/detail/bool__struct.hpp: No such file or directory
[0.122s]   153 | #include [01;31m[K"stg_msgs/msg/detail/bool__struct.hpp"[m[K
[0.122s]       |          [01;31m[K^~~~~~~~~~~~~~~~~~~~~~~~~~~~~~~~~~~~~~[m[K
[0.122s] compilation terminated.
[0.122s] make[2]: *** [CMakeFiles/robot_23_kinematics_interfaces__rosidl_typesupport_fastrtps_cpp.dir/build.make:187: CMakeFiles/robot_23_kinematics_interfaces__rosidl_typesupport_fastrtps_cpp.dir/rosidl_typesupport_fastrtps_cpp/robot_23_kinematics_interfaces/srv/detail/dds_fastrtps/solve_ik__type_support.cpp.o] Error 1
[0.122s] make[1]: *** [CMakeFiles/Makefile2:499: CMakeFiles/robot_23_kinematics_interfaces__rosidl_typesupport_fastrtps_cpp.dir/all] Error 2
[0.124s] In file included from [01m[K/home/ronnakon/FRA333-KINEMATICS/FRA333-Assignment-lab2-template/lab2_ws/build/robot_23_kinematics_interfaces/rosidl_typesupport_cpp/robot_23_kinematics_interfaces/srv/solve_ik__type_support.cpp:7[m[K:
[0.124s] [01m[K/home/ronnakon/FRA333-KINEMATICS/FRA333-Assignment-lab2-template/lab2_ws/build/robot_23_kinematics_interfaces/rosidl_generator_cpp/robot_23_kinematics_interfaces/srv/detail/solve_ik__struct.hpp:153:10:[m[K [01;31m[Kfatal error: [m[Kstg_msgs/msg/detail/bool__struct.hpp: No such file or directory
[0.124s]   153 | #include [01;31m[K"stg_msgs/msg/detail/bool__struct.hpp"[m[K
[0.124s]       |          [01;31m[K^~~~~~~~~~~~~~~~~~~~~~~~~~~~~~~~~~~~~~[m[K
[0.124s] compilation terminated.
[0.125s] make[2]: *** [CMakeFiles/robot_23_kinematics_interfaces__rosidl_typesupport_cpp.dir/build.make:179: CMakeFiles/robot_23_kinematics_interfaces__rosidl_typesupport_cpp.dir/rosidl_typesupport_cpp/robot_23_kinematics_interfaces/srv/solve_ik__type_support.cpp.o] Error 1
[0.125s] make[1]: *** [CMakeFiles/Makefile2:208: CMakeFiles/robot_23_kinematics_interfaces__rosidl_typesupport_cpp.dir/all] Error 2
[0.126s] make: *** [Makefile:141: all] Error 2
[0.128s] Invoked command in '/home/ronnakon/FRA333-KINEMATICS/FRA333-Assignment-lab2-template/lab2_ws/build/robot_23_kinematics_interfaces' returned '2': CMAKE_PREFIX_PATH=${CMAKE_PREFIX_PATH}:/opt/ros/foxy /usr/bin/cmake --build /home/ronnakon/FRA333-KINEMATICS/FRA333-Assignment-lab2-template/lab2_ws/build/robot_23_kinematics_interfaces -- -j12 -l12
