[0.024s] Invoking command in '/home/ronnakon/FRA333-KINEMATICS/FRA333-Assignment-lab2-template/lab2_ws/build/robot_23_kinematics_interfaces': CMAKE_PREFIX_PATH=${CMAKE_PREFIX_PATH}:/opt/ros/foxy /usr/bin/cmake --build /home/ronnakon/FRA333-KINEMATICS/FRA333-Assignment-lab2-template/lab2_ws/build/robot_23_kinematics_interfaces -- -j12 -l12
[0.047s] -- Found ament_cmake: 0.9.9 (/opt/ros/foxy/share/ament_cmake/cmake)
[0.069s] -- Found PythonInterp: /usr/bin/python3 (found suitable version "3.8.10", minimum required is "3") 
[0.070s] -- Using PYTHON_EXECUTABLE: /usr/bin/python3
[0.215s] -- Override CMake install command with custom implementation using symlinks instead of copying resources
[0.222s] -- Found ament_lint_auto: 0.9.6 (/opt/ros/foxy/share/ament_lint_auto/cmake)
[0.269s] -- Found rosidl_default_generators: 1.0.1 (/opt/ros/foxy/share/rosidl_default_generators/cmake)
[0.273s] -- Using all available rosidl_typesupport_c: rosidl_typesupport_fastrtps_c;rosidl_typesupport_introspection_c
[0.276s] -- Found rosidl_adapter: 1.2.1 (/opt/ros/foxy/share/rosidl_adapter/cmake)
[0.401s] -- Using all available rosidl_typesupport_cpp: rosidl_typesupport_fastrtps_cpp;rosidl_typesupport_introspection_cpp
[0.419s] -- Found geometry_msgs: 2.0.5 (/opt/ros/foxy/share/geometry_msgs/cmake)
[0.476s] -- Found sensor_msgs: 2.0.5 (/opt/ros/foxy/share/sensor_msgs/cmake)
[0.558s] -- Found PythonInterp: /usr/bin/python3 (found version "3.8.10") 
[0.696s] -- Found ament_cmake_ros: 0.9.2 (/opt/ros/foxy/share/ament_cmake_ros/cmake)
[0.995s] -- Using all available rosidl_typesupport_c: rosidl_typesupport_fastrtps_c;rosidl_typesupport_introspection_c
[1.131s] -- Using all available rosidl_typesupport_cpp: rosidl_typesupport_fastrtps_cpp;rosidl_typesupport_introspection_cpp
[1.155s] -- Found PythonInterp: /usr/bin/python3 (found suitable version "3.8.10", minimum required is "3.5") 
[1.156s] -- Found python_cmake_module: 0.8.1 (/opt/ros/foxy/share/python_cmake_module/cmake)
[1.179s] -- Using PYTHON_EXECUTABLE: /usr/bin/python3
[1.179s] -- Using PYTHON_INCLUDE_DIRS: /usr/include/python3.8
[1.179s] -- Using PYTHON_LIBRARIES: /usr/lib/x86_64-linux-gnu/libpython3.8.so
[1.247s] -- Added test 'copyright' to check source files copyright and LICENSE
[1.248s] -- Added test 'lint_cmake' to check CMake code style
[1.249s] -- Added test 'xmllint' to check XML markup files
[1.254s] -- Configuring done
[1.308s] -- Generating done
[1.311s] -- Build files have been written to: /home/ronnakon/FRA333-KINEMATICS/FRA333-Assignment-lab2-template/lab2_ws/build/robot_23_kinematics_interfaces
[1.341s] [  2%] [32mBuilding C object CMakeFiles/robot_23_kinematics_interfaces__rosidl_generator_c.dir/rosidl_generator_c/robot_23_kinematics_interfaces/srv/detail/solve_ik__functions.c.o[0m
[1.344s] [  5%] Built target robot_23_kinematics_interfaces__cpp
[1.353s] In file included from [01m[K/home/ronnakon/FRA333-KINEMATICS/FRA333-Assignment-lab2-template/lab2_ws/build/robot_23_kinematics_interfaces/rosidl_generator_c/robot_23_kinematics_interfaces/srv/detail/solve_ik__functions.h:19[m[K,
[1.353s]                  from [01m[K/home/ronnakon/FRA333-KINEMATICS/FRA333-Assignment-lab2-template/lab2_ws/build/robot_23_kinematics_interfaces/rosidl_generator_c/robot_23_kinematics_interfaces/srv/detail/solve_ik__functions.c:4[m[K:
[1.353s] [01m[K/home/ronnakon/FRA333-KINEMATICS/FRA333-Assignment-lab2-template/lab2_ws/build/robot_23_kinematics_interfaces/rosidl_generator_c/robot_23_kinematics_interfaces/srv/detail/solve_ik__struct.h:48:10:[m[K [01;31m[Kfatal error: [m[Kstg_msgs/msg/detail/bool__struct.h: No such file or directory
[1.353s]    48 | #include [01;31m[K"stg_msgs/msg/detail/bool__struct.h"[m[K
[1.353s]       |          [01;31m[K^~~~~~~~~~~~~~~~~~~~~~~~~~~~~~~~~~~~[m[K
[1.354s] compilation terminated.
[1.354s] make[2]: *** [CMakeFiles/robot_23_kinematics_interfaces__rosidl_generator_c.dir/build.make:210: CMakeFiles/robot_23_kinematics_interfaces__rosidl_generator_c.dir/rosidl_generator_c/robot_23_kinematics_interfaces/srv/detail/solve_ik__functions.c.o] Error 1
[1.354s] make[1]: *** [CMakeFiles/Makefile2:327: CMakeFiles/robot_23_kinematics_interfaces__rosidl_generator_c.dir/all] Error 2
[1.354s] make[1]: *** Waiting for unfinished jobs....
[1.363s] [  7%] [32mBuilding CXX object CMakeFiles/robot_23_kinematics_interfaces__rosidl_typesupport_fastrtps_cpp.dir/rosidl_typesupport_fastrtps_cpp/robot_23_kinematics_interfaces/srv/detail/dds_fastrtps/solve_ik__type_support.cpp.o[0m
[1.364s] [ 10%] [32mBuilding CXX object CMakeFiles/robot_23_kinematics_interfaces__rosidl_typesupport_introspection_cpp.dir/rosidl_typesupport_introspection_cpp/robot_23_kinematics_interfaces/srv/detail/solve_ik__type_support.cpp.o[0m
[1.364s] [ 12%] [32mBuilding CXX object CMakeFiles/robot_23_kinematics_interfaces__rosidl_typesupport_cpp.dir/rosidl_typesupport_cpp/robot_23_kinematics_interfaces/srv/solve_ik__type_support.cpp.o[0m
[1.397s] In file included from [01m[K/home/ronnakon/FRA333-KINEMATICS/FRA333-Assignment-lab2-template/lab2_ws/build/robot_23_kinematics_interfaces/rosidl_typesupport_introspection_cpp/robot_23_kinematics_interfaces/srv/detail/solve_ik__type_support.cpp:12[m[K:
[1.398s] [01m[K/home/ronnakon/FRA333-KINEMATICS/FRA333-Assignment-lab2-template/lab2_ws/build/robot_23_kinematics_interfaces/rosidl_generator_cpp/robot_23_kinematics_interfaces/srv/detail/solve_ik__struct.hpp:153:10:[m[K [01;31m[Kfatal error: [m[Kstg_msgs/msg/detail/bool__struct.hpp: No such file or directory
[1.398s]   153 | #include [01;31m[K"stg_msgs/msg/detail/bool__struct.hpp"[m[K
[1.398s]       |          [01;31m[K^~~~~~~~~~~~~~~~~~~~~~~~~~~~~~~~~~~~~~[m[K
[1.398s] compilation terminated.
[1.399s] make[2]: *** [CMakeFiles/robot_23_kinematics_interfaces__rosidl_typesupport_introspection_cpp.dir/build.make:187: CMakeFiles/robot_23_kinematics_interfaces__rosidl_typesupport_introspection_cpp.dir/rosidl_typesupport_introspection_cpp/robot_23_kinematics_interfaces/srv/detail/solve_ik__type_support.cpp.o] Error 1
[1.399s] make[1]: *** [CMakeFiles/Makefile2:354: CMakeFiles/robot_23_kinematics_interfaces__rosidl_typesupport_introspection_cpp.dir/all] Error 2
[1.399s] In file included from [01m[K/home/ronnakon/FRA333-KINEMATICS/FRA333-Assignment-lab2-template/lab2_ws/build/robot_23_kinematics_interfaces/rosidl_typesupport_cpp/robot_23_kinematics_interfaces/srv/solve_ik__type_support.cpp:7[m[K:
[1.399s] [01m[K/home/ronnakon/FRA333-KINEMATICS/FRA333-Assignment-lab2-template/lab2_ws/build/robot_23_kinematics_interfaces/rosidl_generator_cpp/robot_23_kinematics_interfaces/srv/detail/solve_ik__struct.hpp:153:10:[m[K [01;31m[Kfatal error: [m[Kstg_msgs/msg/detail/bool__struct.hpp: No such file or directory
[1.399s]   153 | #include [01;31m[K"stg_msgs/msg/detail/bool__struct.hpp"[m[K
[1.399s]       |          [01;31m[K^~~~~~~~~~~~~~~~~~~~~~~~~~~~~~~~~~~~~~[m[K
[1.399s] compilation terminated.
[1.400s] In file included from [01m[K/home/ronnakon/FRA333-KINEMATICS/FRA333-Assignment-lab2-template/lab2_ws/build/robot_23_kinematics_interfaces/rosidl_typesupport_fastrtps_cpp/robot_23_kinematics_interfaces/srv/detail/solve_ik__rosidl_typesupport_fastrtps_cpp.hpp:11[m[K,
[1.400s]                  from [01m[K/home/ronnakon/FRA333-KINEMATICS/FRA333-Assignment-lab2-template/lab2_ws/build/robot_23_kinematics_interfaces/rosidl_typesupport_fastrtps_cpp/robot_23_kinematics_interfaces/srv/detail/dds_fastrtps/solve_ik__type_support.cpp:4[m[K:
[1.401s] [01m[K/home/ronnakon/FRA333-KINEMATICS/FRA333-Assignment-lab2-template/lab2_ws/build/robot_23_kinematics_interfaces/rosidl_generator_cpp/robot_23_kinematics_interfaces/srv/detail/solve_ik__struct.hpp:153:10:[m[K [01;31m[Kfatal error: [m[Kstg_msgs/msg/detail/bool__struct.hpp: No such file or directory
[1.401s]   153 | #include [01;31m[K"stg_msgs/msg/detail/bool__struct.hpp"[m[K
[1.401s]       |          [01;31m[K^~~~~~~~~~~~~~~~~~~~~~~~~~~~~~~~~~~~~~[m[K
[1.401s] compilation terminated.
[1.401s] make[2]: *** [CMakeFiles/robot_23_kinematics_interfaces__rosidl_typesupport_cpp.dir/build.make:179: CMakeFiles/robot_23_kinematics_interfaces__rosidl_typesupport_cpp.dir/rosidl_typesupport_cpp/robot_23_kinematics_interfaces/srv/solve_ik__type_support.cpp.o] Error 1
[1.401s] make[1]: *** [CMakeFiles/Makefile2:208: CMakeFiles/robot_23_kinematics_interfaces__rosidl_typesupport_cpp.dir/all] Error 2
[1.402s] make[2]: *** [CMakeFiles/robot_23_kinematics_interfaces__rosidl_typesupport_fastrtps_cpp.dir/build.make:187: CMakeFiles/robot_23_kinematics_interfaces__rosidl_typesupport_fastrtps_cpp.dir/rosidl_typesupport_fastrtps_cpp/robot_23_kinematics_interfaces/srv/detail/dds_fastrtps/solve_ik__type_support.cpp.o] Error 1
[1.402s] make[1]: *** [CMakeFiles/Makefile2:499: CMakeFiles/robot_23_kinematics_interfaces__rosidl_typesupport_fastrtps_cpp.dir/all] Error 2
[1.402s] make: *** [Makefile:141: all] Error 2
[1.404s] Invoked command in '/home/ronnakon/FRA333-KINEMATICS/FRA333-Assignment-lab2-template/lab2_ws/build/robot_23_kinematics_interfaces' returned '2': CMAKE_PREFIX_PATH=${CMAKE_PREFIX_PATH}:/opt/ros/foxy /usr/bin/cmake --build /home/ronnakon/FRA333-KINEMATICS/FRA333-Assignment-lab2-template/lab2_ws/build/robot_23_kinematics_interfaces -- -j12 -l12
