[0.021s] Invoking command in '/home/ronnakon/FRA333-KINEMATICS/fra333_lab1_23/fra333_ws/build/lab1_interfaces': CMAKE_PREFIX_PATH=${CMAKE_PREFIX_PATH}:/opt/ros/foxy /usr/bin/cmake /home/ronnakon/FRA333-KINEMATICS/fra333_lab1_23/fra333_ws/src/lab1_interfaces -DAMENT_CMAKE_SYMLINK_INSTALL=1 -DCMAKE_INSTALL_PREFIX=/home/ronnakon/FRA333-KINEMATICS/fra333_lab1_23/fra333_ws/install/lab1_interfaces
[0.030s] -- Found ament_cmake: 0.9.9 (/opt/ros/foxy/share/ament_cmake/cmake)
[0.047s] -- Using PYTHON_EXECUTABLE: /usr/bin/python3
[0.173s] -- Override CMake install command with custom implementation using symlinks instead of copying resources
[0.182s] -- Found ament_lint_auto: 0.9.6 (/opt/ros/foxy/share/ament_lint_auto/cmake)
[0.234s] -- Found rosidl_default_generators: 1.0.1 (/opt/ros/foxy/share/rosidl_default_generators/cmake)
[0.235s] -- Using all available rosidl_typesupport_c: rosidl_typesupport_fastrtps_c;rosidl_typesupport_introspection_c
[0.238s] -- Found rosidl_adapter: 1.2.1 (/opt/ros/foxy/share/rosidl_adapter/cmake)
[0.343s] -- Using all available rosidl_typesupport_cpp: rosidl_typesupport_fastrtps_cpp;rosidl_typesupport_introspection_cpp
[0.361s] -- Found std_msgs: 2.0.5 (/opt/ros/foxy/share/std_msgs/cmake)
[0.409s] -- Found PythonInterp: /usr/bin/python3 (found version "3.8.10") 
[0.490s] -- Found ament_cmake_ros: 0.9.2 (/opt/ros/foxy/share/ament_cmake_ros/cmake)
[0.642s] -- Using all available rosidl_typesupport_c: rosidl_typesupport_fastrtps_c;rosidl_typesupport_introspection_c
[0.715s] -- Using all available rosidl_typesupport_cpp: rosidl_typesupport_fastrtps_cpp;rosidl_typesupport_introspection_cpp
[0.734s] -- Found PythonInterp: /usr/bin/python3 (found suitable version "3.8.10", minimum required is "3.5") 
[0.736s] -- Found python_cmake_module: 0.8.1 (/opt/ros/foxy/share/python_cmake_module/cmake)
[0.763s] -- Found PythonLibs: /usr/lib/x86_64-linux-gnu/libpython3.8.so (found suitable version "3.8.10", minimum required is "3.5") 
[0.763s] -- Using PYTHON_EXECUTABLE: /usr/bin/python3
[0.763s] -- Using PYTHON_INCLUDE_DIRS: /usr/include/python3.8
[0.763s] -- Using PYTHON_LIBRARIES: /usr/lib/x86_64-linux-gnu/libpython3.8.so
[0.780s] -- Found PythonExtra: .so  
[0.843s] -- Added test 'copyright' to check source files copyright and LICENSE
[0.844s] -- Added test 'lint_cmake' to check CMake code style
[0.844s] -- Added test 'xmllint' to check XML markup files
[0.850s] -- Configuring done
[0.885s] -- Generating done
[0.887s] -- Build files have been written to: /home/ronnakon/FRA333-KINEMATICS/fra333_lab1_23/fra333_ws/build/lab1_interfaces
[0.892s] Invoked command in '/home/ronnakon/FRA333-KINEMATICS/fra333_lab1_23/fra333_ws/build/lab1_interfaces' returned '0': CMAKE_PREFIX_PATH=${CMAKE_PREFIX_PATH}:/opt/ros/foxy /usr/bin/cmake /home/ronnakon/FRA333-KINEMATICS/fra333_lab1_23/fra333_ws/src/lab1_interfaces -DAMENT_CMAKE_SYMLINK_INSTALL=1 -DCMAKE_INSTALL_PREFIX=/home/ronnakon/FRA333-KINEMATICS/fra333_lab1_23/fra333_ws/install/lab1_interfaces
[0.894s] Invoking command in '/home/ronnakon/FRA333-KINEMATICS/fra333_lab1_23/fra333_ws/build/lab1_interfaces': CMAKE_PREFIX_PATH=${CMAKE_PREFIX_PATH}:/opt/ros/foxy /usr/bin/cmake --build /home/ronnakon/FRA333-KINEMATICS/fra333_lab1_23/fra333_ws/build/lab1_interfaces -- -j12 -l12
[0.942s] [  3%] [34m[1mGenerating C code for ROS interfaces[0m
[0.943s] [35m[1mScanning dependencies of target lab1_interfaces__cpp[0m
[0.952s] [  6%] [34m[1mGenerating C++ code for ROS interfaces[0m
[1.146s] [  6%] Built target lab1_interfaces__cpp
[1.149s] [35m[1mScanning dependencies of target lab1_interfaces__rosidl_generator_c[0m
[1.154s] [  9%] [34m[1mGenerating C++ type support dispatch for ROS interfaces[0m
[1.154s] [ 12%] [34m[1mGenerating C++ type support for eProsima Fast-RTPS[0m
[1.157s] [ 16%] [34m[1mGenerating C++ introspection for ROS interfaces[0m
[1.160s] [ 19%] [32mBuilding C object CMakeFiles/lab1_interfaces__rosidl_generator_c.dir/rosidl_generator_c/lab1_interfaces/srv/detail/set_noise__functions.c.o[0m
[1.169s] In file included from [01m[K/home/ronnakon/FRA333-KINEMATICS/fra333_lab1_23/fra333_ws/build/lab1_interfaces/rosidl_generator_c/lab1_interfaces/srv/detail/set_noise__functions.h:19[m[K,
[1.169s]                  from [01m[K/home/ronnakon/FRA333-KINEMATICS/fra333_lab1_23/fra333_ws/build/lab1_interfaces/rosidl_generator_c/lab1_interfaces/srv/detail/set_noise__functions.c:4[m[K:
[1.169s] [01m[K/home/ronnakon/FRA333-KINEMATICS/fra333_lab1_23/fra333_ws/build/lab1_interfaces/rosidl_generator_c/lab1_interfaces/srv/detail/set_noise__struct.h:23:10:[m[K [01;31m[Kfatal error: [m[Kstd_msg/msg/detail/float64__struct.h: No such file or directory
[1.169s]    23 | #include [01;31m[K"std_msg/msg/detail/float64__struct.h"[m[K
[1.169s]       |          [01;31m[K^~~~~~~~~~~~~~~~~~~~~~~~~~~~~~~~~~~~~~[m[K
[1.170s] compilation terminated.
[1.170s] make[2]: *** [CMakeFiles/lab1_interfaces__rosidl_generator_c.dir/build.make:124: CMakeFiles/lab1_interfaces__rosidl_generator_c.dir/rosidl_generator_c/lab1_interfaces/srv/detail/set_noise__functions.c.o] Error 1
[1.170s] make[1]: *** [CMakeFiles/Makefile2:303: CMakeFiles/lab1_interfaces__rosidl_generator_c.dir/all] Error 2
[1.170s] make[1]: *** Waiting for unfinished jobs....
[1.327s] [35m[1mScanning dependencies of target lab1_interfaces__rosidl_typesupport_cpp[0m
[1.335s] [35m[1mScanning dependencies of target lab1_interfaces__rosidl_typesupport_introspection_cpp[0m
[1.337s] [ 22%] [32mBuilding CXX object CMakeFiles/lab1_interfaces__rosidl_typesupport_cpp.dir/rosidl_typesupport_cpp/lab1_interfaces/srv/set_noise__type_support.cpp.o[0m
[1.344s] [ 25%] [32mBuilding CXX object CMakeFiles/lab1_interfaces__rosidl_typesupport_introspection_cpp.dir/rosidl_typesupport_introspection_cpp/lab1_interfaces/srv/detail/set_noise__type_support.cpp.o[0m
[1.346s] [35m[1mScanning dependencies of target lab1_interfaces__rosidl_typesupport_fastrtps_cpp[0m
[1.360s] [ 29%] [32mBuilding CXX object CMakeFiles/lab1_interfaces__rosidl_typesupport_fastrtps_cpp.dir/rosidl_typesupport_fastrtps_cpp/lab1_interfaces/srv/detail/dds_fastrtps/set_noise__type_support.cpp.o[0m
[1.370s] In file included from [01m[K/home/ronnakon/FRA333-KINEMATICS/fra333_lab1_23/fra333_ws/build/lab1_interfaces/rosidl_typesupport_cpp/lab1_interfaces/srv/set_noise__type_support.cpp:7[m[K:
[1.370s] [01m[K/home/ronnakon/FRA333-KINEMATICS/fra333_lab1_23/fra333_ws/build/lab1_interfaces/rosidl_generator_cpp/lab1_interfaces/srv/detail/set_noise__struct.hpp:20:10:[m[K [01;31m[Kfatal error: [m[Kstd_msg/msg/detail/float64__struct.hpp: No such file or directory
[1.370s]    20 | #include [01;31m[K"std_msg/msg/detail/float64__struct.hpp"[m[K
[1.371s]       |          [01;31m[K^~~~~~~~~~~~~~~~~~~~~~~~~~~~~~~~~~~~~~~~[m[K
[1.371s] compilation terminated.
[1.371s] make[2]: *** [CMakeFiles/lab1_interfaces__rosidl_typesupport_cpp.dir/build.make:105: CMakeFiles/lab1_interfaces__rosidl_typesupport_cpp.dir/rosidl_typesupport_cpp/lab1_interfaces/srv/set_noise__type_support.cpp.o] Error 1
[1.371s] make[1]: *** [CMakeFiles/Makefile2:467: CMakeFiles/lab1_interfaces__rosidl_typesupport_cpp.dir/all] Error 2
[1.384s] In file included from [01m[K/home/ronnakon/FRA333-KINEMATICS/fra333_lab1_23/fra333_ws/build/lab1_interfaces/rosidl_typesupport_introspection_cpp/lab1_interfaces/srv/detail/set_noise__type_support.cpp:12[m[K:
[1.384s] [01m[K/home/ronnakon/FRA333-KINEMATICS/fra333_lab1_23/fra333_ws/build/lab1_interfaces/rosidl_generator_cpp/lab1_interfaces/srv/detail/set_noise__struct.hpp:20:10:[m[K [01;31m[Kfatal error: [m[Kstd_msg/msg/detail/float64__struct.hpp: No such file or directory
[1.384s]    20 | #include [01;31m[K"std_msg/msg/detail/float64__struct.hpp"[m[K
[1.384s]       |          [01;31m[K^~~~~~~~~~~~~~~~~~~~~~~~~~~~~~~~~~~~~~~~[m[K
[1.384s] compilation terminated.
[1.385s] make[2]: *** [CMakeFiles/lab1_interfaces__rosidl_typesupport_introspection_cpp.dir/build.make:110: CMakeFiles/lab1_interfaces__rosidl_typesupport_introspection_cpp.dir/rosidl_typesupport_introspection_cpp/lab1_interfaces/srv/detail/set_noise__type_support.cpp.o] Error 1
[1.385s] make[1]: *** [CMakeFiles/Makefile2:526: CMakeFiles/lab1_interfaces__rosidl_typesupport_introspection_cpp.dir/all] Error 2
[1.396s] In file included from [01m[K/home/ronnakon/FRA333-KINEMATICS/fra333_lab1_23/fra333_ws/build/lab1_interfaces/rosidl_typesupport_fastrtps_cpp/lab1_interfaces/srv/detail/set_noise__rosidl_typesupport_fastrtps_cpp.hpp:11[m[K,
[1.396s]                  from [01m[K/home/ronnakon/FRA333-KINEMATICS/fra333_lab1_23/fra333_ws/build/lab1_interfaces/rosidl_typesupport_fastrtps_cpp/lab1_interfaces/srv/detail/dds_fastrtps/set_noise__type_support.cpp:4[m[K:
[1.396s] [01m[K/home/ronnakon/FRA333-KINEMATICS/fra333_lab1_23/fra333_ws/build/lab1_interfaces/rosidl_generator_cpp/lab1_interfaces/srv/detail/set_noise__struct.hpp:20:10:[m[K [01;31m[Kfatal error: [m[Kstd_msg/msg/detail/float64__struct.hpp: No such file or directory
[1.396s]    20 | #include [01;31m[K"std_msg/msg/detail/float64__struct.hpp"[m[K
[1.396s]       |          [01;31m[K^~~~~~~~~~~~~~~~~~~~~~~~~~~~~~~~~~~~~~~~[m[K
[1.396s] compilation terminated.
[1.397s] make[2]: *** [CMakeFiles/lab1_interfaces__rosidl_typesupport_fastrtps_cpp.dir/build.make:110: CMakeFiles/lab1_interfaces__rosidl_typesupport_fastrtps_cpp.dir/rosidl_typesupport_fastrtps_cpp/lab1_interfaces/srv/detail/dds_fastrtps/set_noise__type_support.cpp.o] Error 1
[1.397s] make[1]: *** [CMakeFiles/Makefile2:413: CMakeFiles/lab1_interfaces__rosidl_typesupport_fastrtps_cpp.dir/all] Error 2
[1.397s] make: *** [Makefile:141: all] Error 2
[1.400s] Invoked command in '/home/ronnakon/FRA333-KINEMATICS/fra333_lab1_23/fra333_ws/build/lab1_interfaces' returned '2': CMAKE_PREFIX_PATH=${CMAKE_PREFIX_PATH}:/opt/ros/foxy /usr/bin/cmake --build /home/ronnakon/FRA333-KINEMATICS/fra333_lab1_23/fra333_ws/build/lab1_interfaces -- -j12 -l12
